2021/08/14 23:13:41 main.go:11: test
2021/08/14 23:13:45 main.go:11: test
2021/08/17 20:08:25 bitflyer.go:60: action = doRequest endpoint=https://api.bitflyer.com/v1/me/getbalance
2021/08/17 20:08:25 bitflyer.go:34: 1629198505
2021/08/17 20:08:25 bitflyer.go:100: url=me/getbalance resp=[{"currency_code":"JPY","amount":0.0,"available":0.0},{"currency_code":"BTC","amount":0.0,"available":0.0},{"currency_code":"BCH","amount":0.0,"available":0.0},{"currency_code":"ETH","amount":0.0,"available":0.0},{"currency_code":"ETC","amount":0.0,"available":0.0},{"currency_code":"LTC","amount":0.0,"available":0.0},{"currency_code":"MONA","amount":0.0,"available":0.0},{"currency_code":"LSK","amount":0.0,"available":0.0},{"currency_code":"XRP","amount":0.0,"available":0.0},{"currency_code":"BAT","amount":0.0,"available":0.0},{"currency_code":"XLM","amount":0.0,"available":0.0},{"currency_code":"XEM","amount":0.0,"available":0.0},{"currency_code":"XTZ","amount":0.0,"available":0.0},{"currency_code":"DOT","amount":0.0,"available":0.0}]
2021/08/17 20:10:33 bitflyer.go:59: action = doRequest endpoint=https://api.bitflyer.com/v1/me/getbalance
2021/08/17 20:10:33 bitflyer.go:99: url=me/getbalance resp=[{"currency_code":"JPY","amount":0.0,"available":0.0},{"currency_code":"BTC","amount":0.0,"available":0.0},{"currency_code":"BCH","amount":0.0,"available":0.0},{"currency_code":"ETH","amount":0.0,"available":0.0},{"currency_code":"ETC","amount":0.0,"available":0.0},{"currency_code":"LTC","amount":0.0,"available":0.0},{"currency_code":"MONA","amount":0.0,"available":0.0},{"currency_code":"LSK","amount":0.0,"available":0.0},{"currency_code":"XRP","amount":0.0,"available":0.0},{"currency_code":"BAT","amount":0.0,"available":0.0},{"currency_code":"XLM","amount":0.0,"available":0.0},{"currency_code":"XEM","amount":0.0,"available":0.0},{"currency_code":"XTZ","amount":0.0,"available":0.0},{"currency_code":"DOT","amount":0.0,"available":0.0}]
2021/08/17 21:43:51 bitflyer.go:59: action = doRequest endpoint=https://api.bitflyer.com/v1/ticker
2021/08/17 21:43:52 bitflyer.go:140: action=GetTicker err=parsing time "2021-08-17T12:43:48.873" as "2006-01-02T15:04:05Z07:00": cannot parse "" as "Z07:00"
2021/08/17 21:43:52 bitflyer.go:140: action=GetTicker err=parsing time "2021-08-17T12:43:48.873" as "2006-01-02T15:04:05Z07:00": cannot parse "" as "Z07:00"
2021/08/17 22:38:07 bitflyer.go:213: connecting to wss://ws.lightstream.bitflyer.com/json-rpc
2021/08/17 22:39:00 bitflyer.go:213: connecting to wss://ws.lightstream.bitflyer.com/json-rpc
2021/08/17 23:05:32 bitflyer.go:213: connecting to wss://ws.lightstream.bitflyer.com/json-rpc
2021/08/17 23:05:32 bitflyer.go:231: read: json: Unmarshal(non-pointer bitflyer.JsonRPC2)
2021/08/17 23:15:27 bitflyer.go:213: connecting to wss://ws.lightstream.bitflyer.com/json-rpc
2021/08/17 23:16:16 bitflyer.go:213: connecting to wss://ws.lightstream.bitflyer.com/json-rpc
2021/08/18 19:54:16 bitflyer.go:58: action=doRequest endpoint=https://api.bitflyer.com/v1/me/sendchildorder
2021/08/18 19:55:57 bitflyer.go:58: action=doRequest endpoint=https://api.bitflyer.com/v1/me/sendchildorder
2021/08/18 19:56:19 bitflyer.go:58: action=doRequest endpoint=https://api.bitflyer.com/v1/me/sendchildorder
2021/08/18 19:57:09 bitflyer.go:58: action=doRequest endpoint=https://api.bitflyer.com/v1/me/sendchildorder
2021/08/23 23:16:16 bitflyer.go:215: connecting to wss://ws.lightstream.bitflyer.com/json-rpc
2021/08/23 23:16:16 streemdata.go:15: action=StreamIngestionData, {BTC_JPY 2021-08-23T14:16:16.8681014Z 28414739 5.475788e+06 5.476629e+06 0.08 0.6384 712.08167683 490.46979518 5.476152e+06 3879.91751536 3879.91751536}
2021/08/23 23:16:17 streemdata.go:15: action=StreamIngestionData, {BTC_JPY 2021-08-23T14:16:17.4846518Z 28414750 5.47555e+06 5.476629e+06 0.009 0.4384 712.83545385 490.37329992 5.476629e+06 3880.11751536 3880.11751536}
2021/08/23 23:16:18 streemdata.go:15: action=StreamIngestionData, {BTC_JPY 2021-08-23T14:16:18.286131Z 28414755 5.47555e+06 5.476629e+06 0.009 0.4384 712.91665385 490.48049007 5.476629e+06 3880.11751536 3880.11751536}
2021/08/23 23:16:18 streemdata.go:15: action=StreamIngestionData, {BTC_JPY 2021-08-23T14:16:18.6903331Z 28414772 5.47555e+06 5.476629e+06 0.009 0.4384 713.15665385 490.80477213 5.476629e+06 3880.11751536 3880.11751536}
2021/08/23 23:16:19 streemdata.go:15: action=StreamIngestionData, {BTC_JPY 2021-08-23T14:16:19.2533823Z 28414790 5.47495e+06 5.476054e+06 0.39725 0.07 710.60773166 488.28005634 5.47495e+06 3880.24046536 3880.24046536}
2021/08/23 23:16:20 streemdata.go:15: action=StreamIngestionData, {BTC_JPY 2021-08-23T14:16:19.9032141Z 28414800 5.47495e+06 5.476054e+06 0.39725 0.07 710.67773166 488.98240634 5.47495e+06 3880.24046536 3880.24046536}
2021/08/23 23:16:20 streemdata.go:15: action=StreamIngestionData, {BTC_JPY 2021-08-23T14:16:20.3558433Z 28414807 5.47495e+06 5.475836e+06 0.39725 0.07 710.68656959 489.05131727 5.47495e+06 3880.24046536 3880.24046536}
2021/08/23 23:16:20 streemdata.go:15: action=StreamIngestionData, {BTC_JPY 2021-08-23T14:16:20.9672363Z 28414815 5.47495e+06 5.475836e+06 0.39725 0.07 710.88366959 489.53920632 5.47495e+06 3880.24046536 3880.24046536}
2021/08/23 23:16:21 streemdata.go:15: action=StreamIngestionData, {BTC_JPY 2021-08-23T14:16:21.5853858Z 28414825 5.47495e+06 5.475836e+06 0.39725 0.069 710.86016959 487.44927052 5.475836e+06 3880.24146536 3880.24146536}
2021/08/23 23:16:22 streemdata.go:15: action=StreamIngestionData, {BTC_JPY 2021-08-23T14:16:22.1449687Z 28414841 5.473844e+06 5.475836e+06 0.2 0.069 710.45531093 486.9437707 5.474749e+06 3880.64871536 3880.64871536}
2021/08/23 23:16:22 streemdata.go:15: action=StreamIngestionData, {BTC_JPY 2021-08-23T14:16:22.65989Z 28414856 5.473847e+06 5.475188e+06 0.02 0.07 710.04231093 489.3147707 5.474749e+06 3880.64871536 3880.64871536}
2021/08/23 23:16:23 streemdata.go:15: action=StreamIngestionData, {BTC_JPY 2021-08-23T14:16:23.320623Z 28414861 5.473847e+06 5.475188e+06 0.02 0.07 710.00871093 489.4057389 5.474749e+06 3880.64871536 3880.64871536}
2021/08/23 23:16:23 streemdata.go:15: action=StreamIngestionData, {BTC_JPY 2021-08-23T14:16:23.8660047Z 28414869 5.473847e+06 5.475071e+06 0.02 0.07 709.88171093 489.70469266 5.474749e+06 3880.64871536 3880.64871536}
2021/08/23 23:16:24 streemdata.go:15: action=StreamIngestionData, {BTC_JPY 2021-08-23T14:16:24.4358032Z 28414873 5.473847e+06 5.475071e+06 0.02 0.07 709.88171093 489.70469266 5.474749e+06 3880.64871536 3880.64871536}
2021/08/23 23:16:25 streemdata.go:15: action=StreamIngestionData, {BTC_JPY 2021-08-23T14:16:25.1270241Z 28414880 5.473847e+06 5.475071e+06 0.02 0.07 709.95171093 489.90889266 5.474749e+06 3880.64871536 3880.64871536}
2021/08/23 23:16:25 streemdata.go:15: action=StreamIngestionData, {BTC_JPY 2021-08-23T14:16:25.6264469Z 28414890 5.473847e+06 5.475071e+06 0.02 0.06 709.94934886 489.95664983 5.475071e+06 3880.65871536 3880.65871536}
2021/08/23 23:16:26 streemdata.go:15: action=StreamIngestionData, {BTC_JPY 2021-08-23T14:16:26.4742411Z 28414896 5.473847e+06 5.475071e+06 0.02 0.06 710.01934886 489.88664983 5.475071e+06 3880.65871536 3880.65871536}
2021/08/23 23:16:27 streemdata.go:15: action=StreamIngestionData, {BTC_JPY 2021-08-23T14:16:26.9677079Z 28414901 5.473847e+06 5.475637e+06 0.02 0.07 710.51173759 489.07364983 5.475071e+06 3880.65871536 3880.65871536}
2021/08/23 23:16:27 streemdata.go:15: action=StreamIngestionData, {BTC_JPY 2021-08-23T14:16:27.5155199Z 28414930 5.471927e+06 5.473962e+06 0.206902 0.07 709.75743959 486.91978386 5.471927e+06 3881.41301336 3881.41301336}
2021/08/23 23:16:28 streemdata.go:15: action=StreamIngestionData, {BTC_JPY 2021-08-23T14:16:28.0332291Z 28414944 5.471927e+06 5.475348e+06 0.206902 0.02 710.65681661 489.21921987 5.471927e+06 3881.41301336 3881.41301336}
2021/08/23 23:16:28 streemdata.go:15: action=StreamIngestionData, {BTC_JPY 2021-08-23T14:16:28.6911167Z 28414953 5.471928e+06 5.475348e+06 0.0112 0.02 710.60241661 489.10961987 5.471927e+06 3881.41301336 3881.41301336}
2021/08/23 23:16:29 streemdata.go:15: action=StreamIngestionData, {BTC_JPY 2021-08-23T14:16:29.2356676Z 28414962 5.471928e+06 5.475347e+06 0.0112 0.1276 710.69701661 489.31031987 5.471927e+06 3881.04301336 3881.04301336}
2021/08/23 23:16:30 streemdata.go:15: action=StreamIngestionData, {BTC_JPY 2021-08-23T14:16:29.8120192Z 28414966 5.471928e+06 5.475347e+06 0.0112 0.19995 710.76701661 489.40266987 5.471927e+06 3881.04301336 3881.04301336}
2021/08/23 23:16:30 streemdata.go:15: action=StreamIngestionData, {BTC_JPY 2021-08-23T14:16:30.3723017Z 28414975 5.471927e+06 5.475344e+06 0.206902 0.02 710.80945454 489.57588021 5.475347e+06 3881.14301336 3881.14301336}
2021/08/23 23:16:30 streemdata.go:15: action=StreamIngestionData, {BTC_JPY 2021-08-23T14:16:30.8996995Z 28414984 5.471927e+06 5.475344e+06 0.206902 0.02 710.85035454 489.43298021 5.475347e+06 3881.14301336 3881.14301336}
2021/08/23 23:16:31 streemdata.go:15: action=StreamIngestionData, {BTC_JPY 2021-08-23T14:16:31.3885427Z 28414990 5.471927e+06 5.473414e+06 0.206902 0.07 710.67005454 489.43228021 5.475347e+06 3881.14301336 3881.14301336}
2021/08/23 23:16:32 streemdata.go:15: action=StreamIngestionData, {BTC_JPY 2021-08-23T14:16:31.9156688Z 28415010 5.471927e+06 5.473414e+06 0.206902 0.07 710.36766379 489.56761585 5.475347e+06 3881.14301336 3881.14301336}
2021/08/23 23:16:32 streemdata.go:15: action=StreamIngestionData, {BTC_JPY 2021-08-23T14:16:32.5175683Z 28415021 5.471927e+06 5.473414e+06 0.206902 0.07 710.47966379 489.05575865 5.475347e+06 3881.14301336 3881.14301336}
2021/08/23 23:16:33 streemdata.go:15: action=StreamIngestionData, {BTC_JPY 2021-08-23T14:16:33.0207852Z 28415028 5.471927e+06 5.473414e+06 0.206902 0.07 710.47966379 489.05129836 5.475347e+06 3881.14301336 3881.14301336}
2021/08/23 23:16:33 streemdata.go:15: action=StreamIngestionData, {BTC_JPY 2021-08-23T14:16:33.6713407Z 28415039 5.471927e+06 5.474222e+06 0.206902 0.192 709.94896379 488.87077192 5.475347e+06 3881.14301336 3881.14301336}
2021/08/23 23:16:34 streemdata.go:15: action=StreamIngestionData, {BTC_JPY 2021-08-23T14:16:34.1637208Z 28415046 5.471927e+06 5.474222e+06 0.206902 0.192 710.61796379 489.00442192 5.475347e+06 3881.14301336 3881.14301336}
2021/08/23 23:16:34 streemdata.go:15: action=StreamIngestionData, {BTC_JPY 2021-08-23T14:16:34.8240161Z 28415054 5.471927e+06 5.473536e+06 0.206902 0.07 710.60793552 492.00692192 5.475347e+06 3881.14301336 3881.14301336}
2021/08/23 23:16:35 streemdata.go:15: action=StreamIngestionData, {BTC_JPY 2021-08-23T14:16:35.3715541Z 28415064 5.471927e+06 5.474222e+06 0.206902 0.192 710.67557345 492.00581256 5.475347e+06 3881.14301336 3881.14301336}
2021/08/23 23:16:36 streemdata.go:15: action=StreamIngestionData, {BTC_JPY 2021-08-23T14:16:36.3544519Z 28415074 5.471927e+06 5.474222e+06 0.206902 0.182 710.69254328 492.42776256 5.474222e+06 3881.15301336 3881.15301336}
2021/08/23 23:16:36 streemdata.go:15: action=StreamIngestionData, {BTC_JPY 2021-08-23T14:16:36.8156277Z 28415079 5.471928e+06 5.474222e+06 0.1235 0.182 711.37542889 492.42776256 5.471927e+06 3881.15041136 3881.15041136}
2021/08/23 23:16:37 streemdata.go:15: action=StreamIngestionData, {BTC_JPY 2021-08-23T14:16:37.3376352Z 28415081 5.471928e+06 5.474222e+06 0.1235 0.182 711.44542889 492.42886269 5.471927e+06 3881.15041136 3881.15041136}
2021/08/23 23:16:37 streemdata.go:15: action=StreamIngestionData, {BTC_JPY 2021-08-23T14:16:37.90247Z 28415095 5.471929e+06 5.475099e+06 0.06 0.07 712.20782506 492.20625301 5.471927e+06 3881.15041136 3881.15041136}
2021/08/23 23:16:38 streemdata.go:15: action=StreamIngestionData, {BTC_JPY 2021-08-23T14:16:38.4901496Z 28415114 5.4724e+06 5.475347e+06 0.18393081 0.03235 712.37763795 489.2269094 5.471927e+06 3881.15041136 3881.15041136}
2021/08/23 23:16:39 streemdata.go:15: action=StreamIngestionData, {BTC_JPY 2021-08-23T14:16:39.1089242Z 28415133 5.472403e+06 5.475347e+06 0.02 0.02235 713.15363795 491.32222349 5.473414e+06 3881.16241136 3881.16241136}
2021/08/23 23:16:39 streemdata.go:15: action=StreamIngestionData, {BTC_JPY 2021-08-23T14:16:39.6470277Z 28415150 5.472404e+06 5.475782e+06 0.04178755 0.07 714.73762067 485.26722349 5.475347e+06 3881.18476136 3881.18476136}
2021/08/23 23:16:40 streemdata.go:15: action=StreamIngestionData, {BTC_JPY 2021-08-23T14:16:40.1479663Z 28415169 5.47387e+06 5.476549e+06 0.01 0.00235 713.91604342 487.14804074 5.475347e+06 3881.18476136 3881.18476136}
2021/08/23 23:16:41 streemdata.go:15: action=StreamIngestionData, {BTC_JPY 2021-08-23T14:16:40.9192644Z 28415184 5.474222e+06 5.476549e+06 0.231 0.00235 715.48970729 484.98805197 5.475347e+06 3881.18476136 3881.18476136}
2021/08/23 23:16:41 streemdata.go:15: action=StreamIngestionData, {BTC_JPY 2021-08-23T14:16:41.4067238Z 28415195 5.474222e+06 5.476549e+06 0.231 0.00235 715.03870729 487.11813443 5.475347e+06 3881.18476136 3881.18476136}
2021/08/23 23:16:42 streemdata.go:15: action=StreamIngestionData, {BTC_JPY 2021-08-23T14:16:41.8810981Z 28415197 5.474222e+06 5.476549e+06 0.231 0.00235 715.04108943 487.11923364 5.475347e+06 3881.18476136 3881.18476136}
2021/08/23 23:16:42 streemdata.go:15: action=StreamIngestionData, {BTC_JPY 2021-08-23T14:16:42.4613224Z 28415206 5.474222e+06 5.475347e+06 0.231 0.03 714.97608943 487.37815872 5.475347e+06 3881.18476136 3881.18476136}
2021/08/23 23:16:43 streemdata.go:15: action=StreamIngestionData, {BTC_JPY 2021-08-23T14:16:43.0309392Z 28415216 5.474222e+06 5.475347e+06 0.231 0.03 714.77778943 489.17615872 5.475347e+06 3881.18476136 3881.18476136}
2021/08/23 23:16:43 streemdata.go:15: action=StreamIngestionData, {BTC_JPY 2021-08-23T14:16:43.5243362Z 28415229 5.474222e+06 5.474577e+06 0.20865 0.07 712.53976724 487.16683364 5.474222e+06 3881.20711136 3881.20711136}
2021/08/23 23:16:44 streemdata.go:15: action=StreamIngestionData, {BTC_JPY 2021-08-23T14:16:44.0859854Z 28415241 5.473325e+06 5.474577e+06 0.0112 0.07 712.28932969 488.33558364 5.474222e+06 3881.41576136 3881.41576136}
2021/08/23 23:16:44 streemdata.go:15: action=StreamIngestionData, {BTC_JPY 2021-08-23T14:16:44.6138643Z 28415253 5.473325e+06 5.474577e+06 0.0112 0.07 711.38932969 488.70387644 5.474222e+06 3881.41576136 3881.41576136}
2021/08/23 23:16:45 streemdata.go:15: action=StreamIngestionData, {BTC_JPY 2021-08-23T14:16:45.1098371Z 28415267 5.473325e+06 5.473463e+06 0.0112 0.06 710.6618096 486.59448364 5.473463e+06 3881.42576136 3881.42576136}
2021/08/23 23:16:45 streemdata.go:15: action=StreamIngestionData, {BTC_JPY 2021-08-23T14:16:45.6306534Z 28415279 5.4724e+06 5.473463e+06 0.18393081 0.06 710.84144753 486.80824458 5.473463e+06 3881.42576136 3881.42576136}
2021/08/23 23:16:46 streemdata.go:15: action=StreamIngestionData, {BTC_JPY 2021-08-23T14:16:46.2534054Z 28415287 5.4724e+06 5.473463e+06 0.18393081 0.06 711.26144753 488.87824458 5.473463e+06 3881.42576136 3881.42576136}
2021/08/23 23:16:46 streemdata.go:15: action=StreamIngestionData, {BTC_JPY 2021-08-23T14:16:46.7643036Z 28415294 5.4724e+06 5.473463e+06 0.18393081 0.06 711.31499868 488.94824458 5.473463e+06 3881.42576136 3881.42576136}
2021/08/23 23:16:47 streemdata.go:15: action=StreamIngestionData, {BTC_JPY 2021-08-23T14:16:47.3465752Z 28415307 5.4724e+06 5.473463e+06 0.18393081 0.06 711.37999868 489.27675999 5.473463e+06 3881.42576136 3881.42576136}
2021/08/23 23:16:47 streemdata.go:15: action=StreamIngestionData, {BTC_JPY 2021-08-23T14:16:47.8503795Z 28415321 5.4724e+06 5.47328e+06 0.18393081 0.07 711.38099868 488.95025032 5.473463e+06 3881.42576136 3881.42576136}
2021/08/23 23:16:48 streemdata.go:15: action=StreamIngestionData, {BTC_JPY 2021-08-23T14:16:48.4065258Z 28415327 5.4724e+06 5.47328e+06 0.18393081 0.07 711.45099868 489.17775032 5.473463e+06 3881.42576136 3881.42576136}
2021/08/23 23:16:49 streemdata.go:15: action=StreamIngestionData, {BTC_JPY 2021-08-23T14:16:49.0010789Z 28415332 5.4724e+06 5.47328e+06 0.18393081 0.06 711.45099868 488.94245032 5.47328e+06 3881.43576136 3881.43576136}
2021/08/23 23:16:49 streemdata.go:15: action=StreamIngestionData, {BTC_JPY 2021-08-23T14:16:49.6101812Z 28415338 5.4724e+06 5.47328e+06 0.18393081 0.06 711.03099868 489.179472 5.47328e+06 3881.43576136 3881.43576136}
2021/08/23 23:16:50 streemdata.go:15: action=StreamIngestionData, {BTC_JPY 2021-08-23T14:16:50.1491403Z 28415345 5.4724e+06 5.47328e+06 0.18393081 0.06 711.10099868 488.95125032 5.47328e+06 3881.43576136 3881.43576136}
2021/08/23 23:16:50 streemdata.go:15: action=StreamIngestionData, {BTC_JPY 2021-08-23T14:16:50.710271Z 28415355 5.4724e+06 5.473857e+06 0.18393081 0.206 711.22313661 488.70875388 5.47328e+06 3881.43576136 3881.43576136}
2021/08/23 23:16:51 streemdata.go:15: action=StreamIngestionData, {BTC_JPY 2021-08-23T14:16:51.2520621Z 28415364 5.472401e+06 5.474862e+06 0.1273 0.07 711.29593661 488.44115388 5.47328e+06 3881.43576136 3881.43576136}
2021/08/23 23:16:51 streemdata.go:15: action=StreamIngestionData, {BTC_JPY 2021-08-23T14:16:51.5746235Z 28415374 5.4724e+06 5.47495e+06 0.18393081 0.001 711.16863661 486.50428191 5.47328e+06 3881.43576136 3881.43576136}
2021/08/23 23:16:52 streemdata.go:15: action=StreamIngestionData, {BTC_JPY 2021-08-23T14:16:52.235945Z 28415397 5.472403e+06 5.47495e+06 0.02 0.001 712.0300932 486.56805968 5.47328e+06 3881.43576136 3881.43576136}
2021/08/23 23:16:53 streemdata.go:15: action=StreamIngestionData, {BTC_JPY 2021-08-23T14:16:52.863159Z 28415403 5.474588e+06 5.47495e+06 0.01 0.001 712.0450932 487.92186507 5.47328e+06 3881.43576136 3881.43576136}
2021/08/23 23:16:53 streemdata.go:15: action=StreamIngestionData, {BTC_JPY 2021-08-23T14:16:53.5249323Z 28415415 5.474588e+06 5.47495e+06 0.01 0.001 711.36131618 489.63015685 5.47328e+06 3881.43576136 3881.43576136}
2021/08/23 23:16:54 streemdata.go:15: action=StreamIngestionData, {BTC_JPY 2021-08-23T14:16:54.1869372Z 28415421 5.474588e+06 5.47495e+06 0.01 0.001 711.85131618 489.93911499 5.47328e+06 3881.43576136 3881.43576136}
2021/08/23 23:16:54 streemdata.go:15: action=StreamIngestionData, {BTC_JPY 2021-08-23T14:16:54.7190259Z 28415425 5.474588e+06 5.47495e+06 0.01 0.001 711.94201618 489.86911499 5.47328e+06 3881.43576136 3881.43576136}
2021/08/23 23:16:55 streemdata.go:15: action=StreamIngestionData, {BTC_JPY 2021-08-23T14:16:55.2032631Z 28415438 5.474588e+06 5.475761e+06 0.01 0.01 712.01201618 487.58115685 5.475347e+06 3881.48576136 3881.48576136}
2021/08/23 23:16:55 streemdata.go:15: action=StreamIngestionData, {BTC_JPY 2021-08-23T14:16:55.8308234Z 28415448 5.474588e+06 5.475761e+06 0.01 0.01 712.03495411 485.57206779 5.475347e+06 3881.48576136 3881.48576136}
2021/08/23 23:16:56 streemdata.go:15: action=StreamIngestionData, {BTC_JPY 2021-08-23T14:16:56.4063931Z 28415460 5.474588e+06 5.475761e+06 0.01 0.01 712.11495411 487.85965974 5.475347e+06 3881.48576136 3881.48576136}
2021/08/23 23:16:57 streemdata.go:15: action=StreamIngestionData, {BTC_JPY 2021-08-23T14:16:56.9338676Z 28415464 5.474588e+06 5.475761e+06 0.01 0.01 711.95523126 487.93075661 5.475347e+06 3881.48576136 3881.48576136}
2021/08/23 23:16:57 streemdata.go:15: action=StreamIngestionData, {BTC_JPY 2021-08-23T14:16:57.6638249Z 28415470 5.474588e+06 5.475761e+06 0.01 0.01 712.15003126 488.20310661 5.475347e+06 3881.48576136 3881.48576136}
2021/08/23 23:16:58 streemdata.go:15: action=StreamIngestionData, {BTC_JPY 2021-08-23T14:16:58.6966033Z 28415481 5.474588e+06 5.475761e+06 0.01 0.01 711.75003126 490.01309892 5.475347e+06 3881.48576136 3881.48576136}
2021/08/23 23:16:59 streemdata.go:15: action=StreamIngestionData, {BTC_JPY 2021-08-23T14:16:59.2033738Z 28415493 5.474588e+06 5.475761e+06 0.01 0.01 711.72903126 489.92416466 5.475347e+06 3881.47676136 3881.47676136}
2021/08/23 23:16:59 streemdata.go:15: action=StreamIngestionData, {BTC_JPY 2021-08-23T14:16:59.7981888Z 28415496 5.474588e+06 5.475761e+06 0.01 0.01 711.70903126 489.92416466 5.475347e+06 3881.47676136 3881.47676136}
2021/08/23 23:17:00 streemdata.go:15: action=StreamIngestionData, {BTC_JPY 2021-08-23T14:17:00.3580939Z 28415507 5.474588e+06 5.475761e+06 0.01 0.01 711.79936919 486.62002019 5.475347e+06 3881.47676136 3881.47676136}
2021/08/23 23:17:00 streemdata.go:15: action=StreamIngestionData, {BTC_JPY 2021-08-23T14:17:00.8192938Z 28415514 5.474588e+06 5.475761e+06 0.01 0.01 711.77936919 486.92102019 5.475347e+06 3881.47676136 3881.47676136}
2021/08/23 23:17:01 streemdata.go:15: action=StreamIngestionData, {BTC_JPY 2021-08-23T14:17:01.3718377Z 28415523 5.474588e+06 5.475761e+06 0.01 0.01 711.84936919 486.92482019 5.475347e+06 3881.47676136 3881.47676136}
2021/08/23 23:17:02 streemdata.go:15: action=StreamIngestionData, {BTC_JPY 2021-08-23T14:17:01.9507593Z 28415531 5.474588e+06 5.475761e+06 0.01 0.01 711.83477511 488.68697182 5.475347e+06 3881.42328336 3881.42328336}
2021/08/23 23:17:02 streemdata.go:15: action=StreamIngestionData, {BTC_JPY 2021-08-23T14:17:02.5408611Z 28415535 5.474588e+06 5.475761e+06 0.01 0.01 711.90477511 488.99592079 5.475347e+06 3881.42328336 3881.42328336}
2021/08/23 23:17:03 streemdata.go:15: action=StreamIngestionData, {BTC_JPY 2021-08-23T14:17:03.147405Z 28415545 5.474588e+06 5.475761e+06 0.01 0.01 711.80582572 490.43697182 5.475347e+06 3881.42328336 3881.42328336}
2021/08/23 23:17:04 streemdata.go:15: action=StreamIngestionData, {BTC_JPY 2021-08-23T14:17:03.9845176Z 28415553 5.474588e+06 5.475761e+06 0.01 0.01 712.39582572 490.35697182 5.475347e+06 3881.42328336 3881.42328336}
2021/08/23 23:17:04 streemdata.go:15: action=StreamIngestionData, {BTC_JPY 2021-08-23T14:17:04.3718576Z 28415558 5.474588e+06 5.475761e+06 0.01 0.01 712.36582572 490.11265773 5.475347e+06 3881.42328336 3881.42328336}
2021/08/23 23:17:05 streemdata.go:15: action=StreamIngestionData, {BTC_JPY 2021-08-23T14:17:05.3221153Z 28415567 5.474588e+06 5.475761e+06 0.01 0.01 712.30932572 488.62948869 5.475347e+06 3881.42328336 3881.42328336}
2021/08/23 23:17:05 streemdata.go:15: action=StreamIngestionData, {BTC_JPY 2021-08-23T14:17:05.8834503Z 28415575 5.474588e+06 5.475761e+06 0.01 0.01 712.29613288 488.63639963 5.475347e+06 3881.42328336 3881.42328336}
2021/08/23 23:17:06 streemdata.go:15: action=StreamIngestionData, {BTC_JPY 2021-08-23T14:17:06.7096573Z 28415580 5.474588e+06 5.475761e+06 0.01 0.01 712.36850735 489.27539963 5.475347e+06 3881.42328336 3881.42328336}
2021/08/23 23:17:07 streemdata.go:15: action=StreamIngestionData, {BTC_JPY 2021-08-23T14:17:07.2877464Z 28415591 5.474588e+06 5.475903e+06 0.01 0.07 712.26951051 487.81649526 5.475761e+06 3881.43328336 3881.43328336}
2021/08/23 23:17:08 streemdata.go:15: action=StreamIngestionData, {BTC_JPY 2021-08-23T14:17:07.8897994Z 28415594 5.474588e+06 5.475903e+06 0.01 0.07 712.48951051 489.81649526 5.475761e+06 3881.43328336 3881.43328336}
2021/08/23 23:17:08 streemdata.go:15: action=StreamIngestionData, {BTC_JPY 2021-08-23T14:17:08.4910461Z 28415607 5.474588e+06 5.476462e+06 0.01 0.07 712.48951051 489.82753853 5.475761e+06 3881.43328336 3881.43328336}
2021/08/23 23:17:09 streemdata.go:15: action=StreamIngestionData, {BTC_JPY 2021-08-23T14:17:09.0561128Z 28415622 5.474588e+06 5.476462e+06 0.01 0.07 712.41951051 489.73860149 5.475761e+06 3881.43328336 3881.43328336}
2021/08/23 23:17:09 streemdata.go:15: action=StreamIngestionData, {BTC_JPY 2021-08-23T14:17:09.71774Z 28415629 5.474588e+06 5.476462e+06 0.01 0.07 712.53461051 489.73860149 5.475761e+06 3881.43328336 3881.43328336}
2021/08/23 23:17:10 streemdata.go:15: action=StreamIngestionData, {BTC_JPY 2021-08-23T14:17:10.1606463Z 28415641 5.474588e+06 5.476462e+06 0.01 0.07 712.46241051 489.80860149 5.475761e+06 3881.43328336 3881.43328336}
2021/08/23 23:17:10 streemdata.go:15: action=StreamIngestionData, {BTC_JPY 2021-08-23T14:17:10.8241572Z 28415653 5.474588e+06 5.476462e+06 0.01 0.07 712.48416854 487.03751243 5.475761e+06 3881.43328336 3881.43328336}
2021/08/23 23:17:11 streemdata.go:15: action=StreamIngestionData, {BTC_JPY 2021-08-23T14:17:11.3732657Z 28415670 5.474588e+06 5.476462e+06 0.01 0.07 712.5051322 487.10751243 5.475761e+06 3881.43328336 3881.43328336}
2021/08/23 23:17:11 streemdata.go:15: action=StreamIngestionData, {BTC_JPY 2021-08-23T14:17:11.935854Z 28415675 5.474588e+06 5.476462e+06 0.01 0.07 712.39270531 487.10860751 5.475761e+06 3881.43328336 3881.43328336}
2021/08/23 23:17:12 streemdata.go:15: action=StreamIngestionData, {BTC_JPY 2021-08-23T14:17:12.4171932Z 28415688 5.474588e+06 5.476532e+06 0.01 0.07 712.49270531 488.82860751 5.476505e+06 3881.57328336 3881.57328336}
2021/08/23 23:17:13 streemdata.go:15: action=StreamIngestionData, {BTC_JPY 2021-08-23T14:17:13.0269111Z 28415702 5.474588e+06 5.476532e+06 0.01 0.07 712.61750531 489.18063171 5.476505e+06 3881.57328336 3881.57328336}
2021/08/23 23:17:14 streemdata.go:15: action=StreamIngestionData, {BTC_JPY 2021-08-23T14:17:13.8834748Z 28415705 5.474588e+06 5.476532e+06 0.01 0.07 712.68750531 492.46063171 5.476505e+06 3881.57328336 3881.57328336}
2021/08/23 23:17:14 streemdata.go:15: action=StreamIngestionData, {BTC_JPY 2021-08-23T14:17:14.3906595Z 28415706 5.474588e+06 5.476532e+06 0.01 0.07 712.68750531 492.24163171 5.476505e+06 3881.57328336 3881.57328336}
2021/08/23 23:17:15 streemdata.go:15: action=StreamIngestionData, {BTC_JPY 2021-08-23T14:17:14.9325169Z 28415712 5.474588e+06 5.476532e+06 0.01 0.07 712.68080531 489.12163171 5.476505e+06 3881.57328336 3881.57328336}
2021/08/23 23:17:15 streemdata.go:15: action=StreamIngestionData, {BTC_JPY 2021-08-23T14:17:15.8129882Z 28415718 5.474588e+06 5.476532e+06 0.01 0.07 712.80844334 489.34954265 5.476505e+06 3881.57328336 3881.57328336}
2021/08/23 23:17:16 streemdata.go:15: action=StreamIngestionData, {BTC_JPY 2021-08-23T14:17:16.3551502Z 28415726 5.474588e+06 5.475347e+06 0.01 0.0089 712.77844334 489.26954919 5.476505e+06 3881.57328336 3881.57328336}
2021/08/23 23:17:17 streemdata.go:15: action=StreamIngestionData, {BTC_JPY 2021-08-23T14:17:16.8491945Z 28415734 5.474588e+06 5.475347e+06 0.01 0.0089 712.19721503 489.34254919 5.476505e+06 3881.57328336 3881.57328336}
2021/08/23 23:17:31 bitflyer.go:215: connecting to wss://ws.lightstream.bitflyer.com/json-rpc
2021/08/23 23:17:32 streemdata.go:15: action=StreamIngestionData, {BTC_JPY 2021-08-23T14:17:32.4060668Z 28415862 5.474588e+06 5.476505e+06 0.008 0.0089 712.43409033 493.79417663 5.474588e+06 3881.58028336 3881.58028336}
2021/08/23 23:17:33 streemdata.go:15: action=StreamIngestionData, {BTC_JPY 2021-08-23T14:17:33.3381412Z 28415865 5.474588e+06 5.476505e+06 0.008 0.0089 712.50409033 494.02306389 5.474588e+06 3881.58028336 3881.58028336}
2021/08/23 23:17:34 streemdata.go:15: action=StreamIngestionData, {BTC_JPY 2021-08-23T14:17:34.6270855Z 28415871 5.474588e+06 5.476505e+06 0.008 0.0189 712.65679736 494.17306389 5.474588e+06 3881.58028336 3881.58028336}
2021/08/23 23:17:35 streemdata.go:15: action=StreamIngestionData, {BTC_JPY 2021-08-23T14:17:35.3893578Z 28415876 5.474588e+06 5.476505e+06 0.008 0.0089 712.65443574 494.00308842 5.476505e+06 3881.59028336 3881.59028336}
2021/08/23 23:17:36 streemdata.go:15: action=StreamIngestionData, {BTC_JPY 2021-08-23T14:17:36.0516551Z 28415879 5.474588e+06 5.476505e+06 0.008 0.0089 712.72443574 494.09308842 5.476505e+06 3881.59028336 3881.59028336}
2021/08/23 23:17:36 streemdata.go:15: action=StreamIngestionData, {BTC_JPY 2021-08-23T14:17:36.5280943Z 28415881 5.474588e+06 5.476505e+06 0.008 0.0089 712.75443574 494.25197081 5.476505e+06 3880.88021159 3880.88021159}
2021/08/23 23:17:37 streemdata.go:15: action=StreamIngestionData, {BTC_JPY 2021-08-23T14:17:36.9538229Z 28415884 5.474588e+06 5.476505e+06 0.008 0.0089 712.78347208 494.32197081 5.476505e+06 3880.88021159 3880.88021159}
2021/08/23 23:17:38 streemdata.go:15: action=StreamIngestionData, {BTC_JPY 2021-08-23T14:17:38.3738686Z 28415890 5.474588e+06 5.476505e+06 0.008 0.0089 712.78584024 494.00529412 5.476505e+06 3880.88021159 3880.88021159}
2021/08/23 23:17:38 streemdata.go:15: action=StreamIngestionData, {BTC_JPY 2021-08-23T14:17:38.8153647Z 28415902 5.474588e+06 5.476505e+06 0.008 0.0089 712.77733923 494.17118266 5.476505e+06 3880.88021159 3880.88021159}
2021/08/23 23:17:39 streemdata.go:15: action=StreamIngestionData, {BTC_JPY 2021-08-23T14:17:39.39777Z 28415911 5.474588e+06 5.476505e+06 0.008 0.0089 712.61303923 494.17118266 5.476505e+06 3880.88021159 3880.88021159}
2021/08/23 23:17:40 streemdata.go:15: action=StreamIngestionData, {BTC_JPY 2021-08-23T14:17:40.1130619Z 28415914 5.474588e+06 5.476505e+06 0.008 0.0089 712.59423923 494.24118266 5.476505e+06 3880.88021159 3880.88021159}
2021/08/23 23:17:40 streemdata.go:15: action=StreamIngestionData, {BTC_JPY 2021-08-23T14:17:40.6149974Z 28415917 5.474588e+06 5.476505e+06 0.008 0.0089 712.53587717 494.31009359 5.476505e+06 3880.88021159 3880.88021159}
2021/08/23 23:17:41 streemdata.go:15: action=StreamIngestionData, {BTC_JPY 2021-08-23T14:17:41.1749659Z 28415921 5.474588e+06 5.476505e+06 0.008 0.0089 712.53587717 494.48897704 5.476505e+06 3880.88021159 3880.88021159}
2021/08/23 23:17:41 streemdata.go:15: action=StreamIngestionData, {BTC_JPY 2021-08-23T14:17:41.7294494Z 28415928 5.474588e+06 5.476505e+06 0.008 0.0089 713.02824461 494.04109684 5.476505e+06 3880.88021159 3880.88021159}
2021/08/23 23:17:42 streemdata.go:15: action=StreamIngestionData, {BTC_JPY 2021-08-23T14:17:42.5264372Z 28415933 5.474588e+06 5.476505e+06 0.008 0.0089 712.94824461 494.32118947 5.476505e+06 3880.88021159 3880.88021159}
2021/08/23 23:17:43 streemdata.go:15: action=StreamIngestionData, {BTC_JPY 2021-08-23T14:17:43.3401592Z 28415935 5.474588e+06 5.476505e+06 0.008 0.0089 713.02824461 494.48007487 5.476505e+06 3880.88021159 3880.88021159}
2021/08/23 23:17:43 streemdata.go:15: action=StreamIngestionData, {BTC_JPY 2021-08-23T14:17:43.9673572Z 28415937 5.474588e+06 5.476505e+06 0.008 0.0089 713.09824461 494.81007487 5.476505e+06 3880.88021159 3880.88021159}
2021/08/23 23:17:44 streemdata.go:15: action=StreamIngestionData, {BTC_JPY 2021-08-23T14:17:44.5262687Z 28415941 5.474588e+06 5.476505e+06 0.008 0.0089 713.02824461 494.74007487 5.476505e+06 3880.88021159 3880.88021159}
2021/08/23 23:31:13 bitflyer.go:215: connecting to wss://ws.lightstream.bitflyer.com/json-rpc
2021/08/23 23:31:13 streemdata.go:15: action=StreamIngestionData, {BTC_JPY 2021-08-23T14:31:13.5512857Z 28425111 5.453974e+06 5.457208e+06 0.1039 0.07 710.60212496 488.82174796 5.45334e+06 3893.64708015 3893.64708015}
2021/08/23 23:31:14 streemdata.go:15: action=StreamIngestionData, {BTC_JPY 2021-08-23T14:31:14.1192951Z 28425124 5.453976e+06 5.457207e+06 0.02 0.1039 710.49518496 498.05319894 5.45334e+06 3893.64708015 3893.64708015}
2021/08/23 23:31:14 streemdata.go:15: action=StreamIngestionData, {BTC_JPY 2021-08-23T14:31:14.6364499Z 28425136 5.453973e+06 5.456906e+06 0.07 0.192 710.55518496 498.28529894 5.457207e+06 3893.74708015 3893.74708015}
2021/08/23 23:31:15 streemdata.go:15: action=StreamIngestionData, {BTC_JPY 2021-08-23T14:31:15.5012752Z 28425152 5.453976e+06 5.456906e+06 0.02 0.192 711.48518496 499.35456092 5.457207e+06 3893.74708015 3893.74708015}
2021/08/23 23:31:16 streemdata.go:15: action=StreamIngestionData, {BTC_JPY 2021-08-23T14:31:16.0263764Z 28425163 5.453973e+06 5.456906e+06 0.07 0.192 711.48474971 499.0170041 5.457207e+06 3893.74708015 3893.74708015}
2021/08/23 23:31:16 streemdata.go:15: action=StreamIngestionData, {BTC_JPY 2021-08-23T14:31:16.554781Z 28425174 5.453485e+06 5.456905e+06 0.02 0.1109 711.45474971 499.1979041 5.457207e+06 3893.74708015 3893.74708015}
2021/08/23 23:31:17 streemdata.go:15: action=StreamIngestionData, {BTC_JPY 2021-08-23T14:31:17.1571076Z 28425188 5.453482e+06 5.456905e+06 0.07 0.1109 711.53697412 499.19817133 5.457207e+06 3893.74708015 3893.74708015}
2021/08/23 23:31:17 streemdata.go:15: action=StreamIngestionData, {BTC_JPY 2021-08-23T14:31:17.6566492Z 28425200 5.453482e+06 5.456905e+06 0.07 0.1809 711.33697412 499.42784158 5.457207e+06 3893.74708015 3893.74708015}
2021/08/23 23:31:18 streemdata.go:15: action=StreamIngestionData, {BTC_JPY 2021-08-23T14:31:18.1715234Z 28425211 5.453343e+06 5.455806e+06 0.02 0.2 711.01097412 500.0722906 5.457207e+06 3893.74708015 3893.74708015}
2021/08/23 23:31:19 streemdata.go:15: action=StreamIngestionData, {BTC_JPY 2021-08-23T14:31:18.8073556Z 28425230 5.45334e+06 5.455803e+06 0.1125 0.008 711.13297412 498.1160906 5.457207e+06 3893.74708015 3893.74708015}
2021/08/23 23:31:19 streemdata.go:15: action=StreamIngestionData, {BTC_JPY 2021-08-23T14:31:19.5367553Z 28425254 5.45334e+06 5.455802e+06 0.1125 0.008 711.20297412 501.24515397 5.457207e+06 3893.74708015 3893.74708015}
2021/08/23 23:31:20 streemdata.go:15: action=StreamIngestionData, {BTC_JPY 2021-08-23T14:31:20.1093616Z 28425260 5.45334e+06 5.454676e+06 0.1125 0.196 711.31697412 501.55660774 5.454676e+06 3893.75708015 3893.75708015}
2021/08/23 23:31:20 streemdata.go:15: action=StreamIngestionData, {BTC_JPY 2021-08-23T14:31:20.771435Z 28425275 5.45334e+06 5.454676e+06 0.1125 0.196 711.43177412 501.7863433 5.454676e+06 3893.75708015 3893.75708015}
2021/08/23 23:31:21 streemdata.go:15: action=StreamIngestionData, {BTC_JPY 2021-08-23T14:31:21.3994148Z 28425279 5.45334e+06 5.454676e+06 0.1125 0.196 711.39057412 499.8563433 5.454676e+06 3893.75708015 3893.75708015}
2021/08/23 23:31:21 streemdata.go:15: action=StreamIngestionData, {BTC_JPY 2021-08-23T14:31:21.874287Z 28425286 5.45334e+06 5.454676e+06 0.1125 0.196 710.71269577 501.77767983 5.454676e+06 3893.75708015 3893.75708015}
2021/08/23 23:31:22 streemdata.go:15: action=StreamIngestionData, {BTC_JPY 2021-08-23T14:31:22.4168709Z 28425293 5.45334e+06 5.454676e+06 0.1125 0.196 710.78032354 501.8013881 5.454676e+06 3893.75708015 3893.75708015}
2021/08/23 23:31:23 streemdata.go:15: action=StreamIngestionData, {BTC_JPY 2021-08-23T14:31:23.0103784Z 28425300 5.45334e+06 5.453343e+06 0.1125 0.011 710.71032354 501.65266835 5.454676e+06 3893.75708015 3893.75708015}
2021/08/23 23:31:23 streemdata.go:15: action=StreamIngestionData, {BTC_JPY 2021-08-23T14:31:23.5515765Z 28425304 5.45334e+06 5.453343e+06 0.1125 0.011 710.78032354 501.72266835 5.454676e+06 3893.75708015 3893.75708015}
2021/08/23 23:31:24 streemdata.go:15: action=StreamIngestionData, {BTC_JPY 2021-08-23T14:31:24.3723297Z 28425308 5.45334e+06 5.453343e+06 0.1125 0.011 711.13253354 501.91046835 5.454676e+06 3893.75708015 3893.75708015}
2021/08/23 23:31:25 streemdata.go:15: action=StreamIngestionData, {BTC_JPY 2021-08-23T14:31:25.0161095Z 28425311 5.45334e+06 5.453343e+06 0.1125 0.011 711.07253354 502.07019472 5.454676e+06 3893.75708015 3893.75708015}
2021/08/23 23:31:25 streemdata.go:15: action=StreamIngestionData, {BTC_JPY 2021-08-23T14:31:25.5851048Z 28425314 5.45334e+06 5.453343e+06 0.1125 0.001 711.14253354 502.13019472 5.453343e+06 3893.76708015 3893.76708015}
2021/08/23 23:31:26 streemdata.go:15: action=StreamIngestionData, {BTC_JPY 2021-08-23T14:31:26.3312838Z 28425318 5.45334e+06 5.453343e+06 0.1125 0.001 711.33253354 502.20019472 5.453343e+06 3893.76708015 3893.76708015}
2021/08/23 23:31:26 streemdata.go:15: action=StreamIngestionData, {BTC_JPY 2021-08-23T14:31:26.8984336Z 28425331 5.45334e+06 5.453343e+06 0.1125 0.001 710.70467678 502.02616835 5.453343e+06 3893.76708015 3893.76708015}
2021/08/23 23:31:27 streemdata.go:15: action=StreamIngestionData, {BTC_JPY 2021-08-23T14:31:27.4328335Z 28425371 5.452533e+06 5.452998e+06 0.01 0.5 708.56980551 503.19695796 5.453e+06 3894.98958015 3894.98958015}
2021/08/23 23:31:28 streemdata.go:15: action=StreamIngestionData, {BTC_JPY 2021-08-23T14:31:27.9629207Z 28425387 5.450596e+06 5.452998e+06 0.012 0.5 708.88480551 499.83625045 5.452533e+06 3894.99958015 3894.99958015}
2021/08/23 23:31:28 streemdata.go:15: action=StreamIngestionData, {BTC_JPY 2021-08-23T14:31:28.502812Z 28425398 5.450596e+06 5.452997e+06 0.012 0.74 708.88480551 502.72625045 5.452997e+06 3895.02958015 3895.02958015}
2021/08/23 23:31:29 streemdata.go:15: action=StreamIngestionData, {BTC_JPY 2021-08-23T14:31:29.0133466Z 28425399 5.450596e+06 5.452997e+06 0.012 0.74 708.88480551 502.71505045 5.452997e+06 3895.02958015 3895.02958015}
2021/08/23 23:31:29 streemdata.go:15: action=StreamIngestionData, {BTC_JPY 2021-08-23T14:31:29.4842393Z 28425413 5.450596e+06 5.452996e+06 0.012 0.1116 708.95480551 502.53240411 5.452997e+06 3895.02958015 3895.02958015}
2021/08/23 23:31:30 streemdata.go:15: action=StreamIngestionData, {BTC_JPY 2021-08-23T14:31:30.2294978Z 28425418 5.450596e+06 5.452997e+06 0.012 0.74 709.02480551 502.52903444 5.452997e+06 3895.02958015 3895.02958015}
2021/08/23 23:31:31 streemdata.go:15: action=StreamIngestionData, {BTC_JPY 2021-08-23T14:31:31.1957024Z 28425422 5.450596e+06 5.452997e+06 0.012 0.74 709.28480551 502.52903444 5.452997e+06 3895.02958015 3895.02958015}
2021/08/23 23:31:31 streemdata.go:15: action=StreamIngestionData, {BTC_JPY 2021-08-23T14:31:31.7750913Z 28425433 5.450596e+06 5.452997e+06 0.012 0.74 709.87706814 502.75883022 5.452997e+06 3895.02958015 3895.02958015}
2021/08/23 23:31:32 streemdata.go:15: action=StreamIngestionData, {BTC_JPY 2021-08-23T14:31:32.3323165Z 28425439 5.450596e+06 5.452996e+06 0.012 0.117 709.94469649 502.78506908 5.452997e+06 3895.02958015 3895.02958015}
2021/08/23 23:31:33 streemdata.go:15: action=StreamIngestionData, {BTC_JPY 2021-08-23T14:31:33.1924506Z 28425441 5.450596e+06 5.452996e+06 0.012 0.117 710.01469649 502.85506908 5.452997e+06 3895.02958015 3895.02958015}
2021/08/23 23:31:33 streemdata.go:15: action=StreamIngestionData, {BTC_JPY 2021-08-23T14:31:33.7576375Z 28425446 5.450596e+06 5.452316e+06 0.012 0.196 710.01469649 503.05108156 5.452997e+06 3895.02958015 3895.02958015}
2021/08/23 23:31:34 streemdata.go:15: action=StreamIngestionData, {BTC_JPY 2021-08-23T14:31:34.3509011Z 28425453 5.450596e+06 5.452316e+06 0.012 0.186 709.89269649 500.84508156 5.452316e+06 3895.03958015 3895.03958015}
2021/08/23 23:31:35 streemdata.go:15: action=StreamIngestionData, {BTC_JPY 2021-08-23T14:31:35.0189311Z 28425460 5.450596e+06 5.452316e+06 0.012 0.186 709.82269649 502.5382733 5.452316e+06 3895.03958015 3895.03958015}
2021/08/23 23:31:35 streemdata.go:15: action=StreamIngestionData, {BTC_JPY 2021-08-23T14:31:35.819446Z 28425467 5.450596e+06 5.452316e+06 0.012 0.186 709.89269649 502.5202733 5.452316e+06 3895.03958015 3895.03958015}
2021/08/23 23:31:36 streemdata.go:15: action=StreamIngestionData, {BTC_JPY 2021-08-23T14:31:36.3994439Z 28425473 5.450596e+06 5.452315e+06 0.012 0.1131 709.96269649 503.21303669 5.452316e+06 3895.03958015 3895.03958015}
2021/08/23 23:31:36 streemdata.go:15: action=StreamIngestionData, {BTC_JPY 2021-08-23T14:31:36.8403825Z 28425483 5.450596e+06 5.452316e+06 0.012 0.186 709.894877 502.77421504 5.452316e+06 3895.03958015 3895.03958015}
2021/08/23 23:31:37 streemdata.go:15: action=StreamIngestionData, {BTC_JPY 2021-08-23T14:31:37.4502018Z 28425497 5.450596e+06 5.45117e+06 0.012 0.2 709.13250565 502.97807352 5.452316e+06 3895.03958015 3895.03958015}
2021/08/23 23:31:38 streemdata.go:15: action=StreamIngestionData, {BTC_JPY 2021-08-23T14:31:37.9762422Z 28425512 5.450596e+06 5.45117e+06 0.012 0.2 709.68450565 500.78807352 5.452316e+06 3895.03958015 3895.03958015}
2021/08/23 23:31:39 streemdata.go:15: action=StreamIngestionData, {BTC_JPY 2021-08-23T14:31:39.196504Z 28425520 5.450596e+06 5.45117e+06 0.012 0.2 709.76393493 502.92807352 5.452316e+06 3894.91222637 3894.91222637}
2021/08/23 23:31:39 streemdata.go:15: action=StreamIngestionData, {BTC_JPY 2021-08-23T14:31:39.8409587Z 28425527 5.450596e+06 5.45117e+06 0.012 0.2 709.81924706 503.14530788 5.452316e+06 3894.79222637 3894.79222637}
2021/08/23 23:31:40 streemdata.go:15: action=StreamIngestionData, {BTC_JPY 2021-08-23T14:31:40.4168322Z 28425533 5.450596e+06 5.45117e+06 0.012 0.199 709.89228706 503.21430788 5.45117e+06 3894.79322637 3894.79322637}
2021/08/23 23:31:41 streemdata.go:15: action=StreamIngestionData, {BTC_JPY 2021-08-23T14:31:40.9680865Z 28425550 5.450457e+06 5.450585e+06 0.2 0.025 707.88358706 503.13474095 5.450593e+06 3894.95192637 3894.95192637}
2021/08/23 23:31:41 streemdata.go:15: action=StreamIngestionData, {BTC_JPY 2021-08-23T14:31:41.5701746Z 28425579 5.45e+06 5.450237e+06 0.03785625 0.358 707.97123331 503.44607352 5.451169e+06 3895.42228012 3895.42228012}
2021/08/23 23:31:42 streemdata.go:15: action=StreamIngestionData, {BTC_JPY 2021-08-23T14:31:42.167562Z 28425603 5.448178e+06 5.449856e+06 0.07 0.03785625 707.93237411 503.78025797 5.449391e+06 3895.66013637 3895.66013637}
2021/08/23 23:31:42 streemdata.go:15: action=StreamIngestionData, {BTC_JPY 2021-08-23T14:31:42.6385324Z 28425616 5.447e+06 5.449855e+06 0.1001 0.1035 707.7900034 503.65608155 5.449391e+06 3895.66013637 3895.66013637}
2021/08/23 23:31:43 streemdata.go:15: action=StreamIngestionData, {BTC_JPY 2021-08-23T14:31:43.1985922Z 28425627 5.447e+06 5.450232e+06 0.1001 0.1035 707.8600034 503.74608155 5.449391e+06 3895.66013637 3895.66013637}
2021/08/23 23:31:43 streemdata.go:15: action=StreamIngestionData, {BTC_JPY 2021-08-23T14:31:43.6994318Z 28425633 5.447e+06 5.44955e+06 0.1001 0.4 707.8800034 503.28108155 5.449391e+06 3895.66013637 3895.66013637}
2021/08/23 23:31:44 streemdata.go:15: action=StreamIngestionData, {BTC_JPY 2021-08-23T14:31:44.2293221Z 28425655 5.446965e+06 5.446994e+06 0.3 0.075075 707.0839034 501.43274424 5.447e+06 3895.76023637 3895.76023637}
2021/08/23 23:31:44 streemdata.go:15: action=StreamIngestionData, {BTC_JPY 2021-08-23T14:31:44.8237429Z 28425671 5.446965e+06 5.446983e+06 0.234375 0.025025 706.4612784 500.94821993 5.446965e+06 3895.82586137 3895.82586137}
2021/08/23 23:31:45 streemdata.go:15: action=StreamIngestionData, {BTC_JPY 2021-08-23T14:31:45.3684271Z 28425685 5.446965e+06 5.446983e+06 0.234375 0.025025 707.8812384 502.82421993 5.446965e+06 3895.82586137 3895.82586137}
2021/08/23 23:31:46 streemdata.go:15: action=StreamIngestionData, {BTC_JPY 2021-08-23T14:31:46.0048237Z 28425699 5.446e+06 5.44757e+06 0.01 0.202 708.37481322 503.36649493 5.446621e+06 3896.08528655 3896.08528655}
2021/08/23 23:31:46 streemdata.go:15: action=StreamIngestionData, {BTC_JPY 2021-08-23T14:31:46.5345748Z 28425729 5.445e+06 5.44536e+06 0.57514958 0.39426304 707.0057928 498.298449 5.445e+06 3896.70230697 3896.70230697}
2021/08/23 23:31:47 streemdata.go:15: action=StreamIngestionData, {BTC_JPY 2021-08-23T14:31:47.0869836Z 28425755 5.443424e+06 5.444549e+06 0.05 1.28197976 705.23341109 496.61706939 5.444e+06 3897.47033655 3897.47033655}
2021/08/23 23:31:47 streemdata.go:15: action=StreamIngestionData, {BTC_JPY 2021-08-23T14:31:47.7266815Z 28425787 5.443424e+06 5.444549e+06 0.05 1.28197976 705.1620814 500.26936404 5.443975e+06 3897.54033655 3897.54033655}
2021/08/23 23:31:48 streemdata.go:15: action=StreamIngestionData, {BTC_JPY 2021-08-23T14:31:48.1956629Z 28425822 5.4415e+06 5.445531e+06 0.96964464 1.39219517 704.91294028 497.86003217 5.4415e+06 3898.09629191 3898.09629191}
2021/08/23 23:31:48 streemdata.go:15: action=StreamIngestionData, {BTC_JPY 2021-08-23T14:31:48.7739545Z 28425841 5.4415e+06 5.444549e+06 0.50636672 0.01 704.44966236 498.14911045 5.4415e+06 3898.56956983 3898.56956983}
2021/08/23 23:31:49 streemdata.go:15: action=StreamIngestionData, {BTC_JPY 2021-08-23T14:31:49.3143175Z 28425861 5.4415e+06 5.443425e+06 0.05065488 0.194 703.78595052 497.79711045 5.4415e+06 3899.02528167 3899.02528167}
2021/08/23 23:31:49 streemdata.go:15: action=StreamIngestionData, {BTC_JPY 2021-08-23T14:31:49.8614512Z 28425898 5.440136e+06 5.442551e+06 0.003 0.0002 704.40299564 499.48730103 5.442551e+06 3899.30303655 3899.30303655}
2021/08/23 23:31:50 streemdata.go:15: action=StreamIngestionData, {BTC_JPY 2021-08-23T14:31:50.4858791Z 28425914 5.440136e+06 5.441787e+06 0.003 0.77 704.32099564 498.55804706 5.442551e+06 3899.30303655 3899.30303655}
2021/08/23 23:31:51 streemdata.go:15: action=StreamIngestionData, {BTC_JPY 2021-08-23T14:31:51.0727601Z 28425959 5.439331e+06 5.440136e+06 0.45847447 0.41427702 703.72633011 499.26160548 5.440136e+06 3901.42720208 3901.42720208}
2021/08/23 23:31:51 streemdata.go:15: action=StreamIngestionData, {BTC_JPY 2021-08-23T14:31:51.5927768Z 28425989 5.440061e+06 5.440135e+06 0.018 0.0112 703.92633011 495.71472168 5.440984e+06 3902.1234791 3902.1234791}
2021/08/23 23:31:52 streemdata.go:15: action=StreamIngestionData, {BTC_JPY 2021-08-23T14:31:52.0906575Z 28426024 5.439331e+06 5.441717e+06 0.45847447 0.2 704.26399888 496.82463198 5.440135e+06 3902.1526791 3902.1526791}
2021/08/23 23:31:52 streemdata.go:15: action=StreamIngestionData, {BTC_JPY 2021-08-23T14:31:52.6871599Z 28426044 5.439332e+06 5.442729e+06 0.75 0.08 705.04802977 496.72199895 5.440135e+06 3902.1526791 3902.1526791}
2021/08/23 23:31:53 streemdata.go:15: action=StreamIngestionData, {BTC_JPY 2021-08-23T14:31:53.1657949Z 28426054 5.439333e+06 5.442729e+06 0.1035 0.08 706.39152977 497.00788321 5.440135e+06 3902.1526791 3902.1526791}
2021/08/23 23:31:53 streemdata.go:15: action=StreamIngestionData, {BTC_JPY 2021-08-23T14:31:53.7751262Z 28426070 5.439333e+06 5.442729e+06 0.1035 0.08 706.31152977 497.15262407 5.440135e+06 3902.1526791 3902.1526791}
2021/08/23 23:31:54 streemdata.go:15: action=StreamIngestionData, {BTC_JPY 2021-08-23T14:31:54.2652762Z 28426100 5.439333e+06 5.442729e+06 0.1035 0.08 706.83052977 497.67149646 5.440135e+06 3902.1526791 3902.1526791}
2021/08/23 23:31:55 streemdata.go:15: action=StreamIngestionData, {BTC_JPY 2021-08-23T14:31:54.9094556Z 28426108 5.439331e+06 5.442108e+06 0.45847447 0.192 705.75802977 501.01063229 5.440135e+06 3902.1526791 3902.1526791}
2021/08/23 23:31:55 streemdata.go:15: action=StreamIngestionData, {BTC_JPY 2021-08-23T14:31:55.4681493Z 28426119 5.439335e+06 5.442108e+06 0.02 0.192 705.77802977 498.02823229 5.440135e+06 3902.1526791 3902.1526791}
2021/08/23 23:31:56 streemdata.go:15: action=StreamIngestionData, {BTC_JPY 2021-08-23T14:31:55.9798676Z 28426137 5.439331e+06 5.440984e+06 0.45847447 0.034 705.82802977 497.35668007 5.442108e+06 3902.2536791 3902.2536791}
2021/08/23 23:31:56 streemdata.go:15: action=StreamIngestionData, {BTC_JPY 2021-08-23T14:31:56.5382853Z 28426143 5.439334e+06 5.440984e+06 0.02 0.034 706.06702977 497.28858135 5.442108e+06 3902.2536791 3902.2536791}
2021/08/23 23:31:57 streemdata.go:15: action=StreamIngestionData, {BTC_JPY 2021-08-23T14:31:57.1398888Z 28426157 5.439334e+06 5.440984e+06 0.02 0.034 705.67627096 497.48100349 5.442108e+06 3902.2536791 3902.2536791}
2021/08/23 23:31:58 streemdata.go:15: action=StreamIngestionData, {BTC_JPY 2021-08-23T14:31:57.7839734Z 28426171 5.439334e+06 5.440984e+06 0.02 0.034 705.87390154 497.23161252 5.442108e+06 3902.2536791 3902.2536791}
2021/08/23 23:32:01 bitflyer.go:215: connecting to wss://ws.lightstream.bitflyer.com/json-rpc
2021/08/23 23:32:01 streemdata.go:15: action=StreamIngestionData, {BTC_JPY 2021-08-23T14:32:01.5184573Z 28426258 5.439331e+06 5.44195e+06 0.32850947 0.0020669 704.90191179 490.49724547 5.440984e+06 3902.4876441 3902.4876441}
2021/08/23 23:32:02 streemdata.go:15: action=StreamIngestionData, {BTC_JPY 2021-08-23T14:32:02.21393Z 28426279 5.439332e+06 5.439333e+06 0.8735 0.097 706.60679642 497.21515935 5.440984e+06 3902.4876441 3902.4876441}
2021/08/23 23:32:02 streemdata.go:15: action=StreamIngestionData, {BTC_JPY 2021-08-23T14:32:02.7616755Z 28426310 5.439333e+06 5.442729e+06 0.6134 0.08 705.98669642 497.18732079 5.442083e+06 3902.3756441 3902.3756441}
2021/08/23 23:32:03 streemdata.go:15: action=StreamIngestionData, {BTC_JPY 2021-08-23T14:32:03.2139621Z 28426323 5.439336e+06 5.442673e+06 0.0079331 0.0120669 706.22172952 493.73819252 5.442083e+06 3902.3756441 3902.3756441}
2021/08/23 23:32:03 streemdata.go:15: action=StreamIngestionData, {BTC_JPY 2021-08-23T14:32:03.7905993Z 28426337 5.439336e+06 5.442729e+06 0.0079331 0.08 706.20052952 494.92052318 5.442083e+06 3902.3756441 3902.3756441}
2021/08/23 23:32:04 streemdata.go:15: action=StreamIngestionData, {BTC_JPY 2021-08-23T14:32:04.4013187Z 28426364 5.439336e+06 5.442728e+06 0.0079331 0.1035 705.24802952 497.06291762 5.442083e+06 3902.3636441 3902.3636441}
2021/08/23 23:32:05 streemdata.go:15: action=StreamIngestionData, {BTC_JPY 2021-08-23T14:32:04.9983814Z 28426378 5.439335e+06 5.442729e+06 0.0079331 0.08 705.16102952 500.07520781 5.442083e+06 3902.3636441 3902.3636441}
2021/08/23 23:32:05 streemdata.go:15: action=StreamIngestionData, {BTC_JPY 2021-08-23T14:32:05.5530566Z 28426393 5.439334e+06 5.442729e+06 0.0079331 0.08 704.89102952 497.88046457 5.439332e+06 3902.4276441 3902.4276441}
2021/08/23 23:32:06 streemdata.go:15: action=StreamIngestionData, {BTC_JPY 2021-08-23T14:32:06.0260202Z 28426405 5.439334e+06 5.442725e+06 0.0079331 0.0120669 705.24902952 498.47502227 5.439332e+06 3902.4276441 3902.4276441}
2021/08/23 23:32:06 streemdata.go:15: action=StreamIngestionData, {BTC_JPY 2021-08-23T14:32:06.5798697Z 28426420 5.439334e+06 5.442724e+06 0.0079331 0.1035 705.24902952 500.34645537 5.442725e+06 3902.4376441 3902.4376441}
2021/08/23 23:32:07 streemdata.go:15: action=StreamIngestionData, {BTC_JPY 2021-08-23T14:32:07.2354825Z 28426430 5.439334e+06 5.440815e+06 0.0079331 0.08 705.53692449 500.57764179 5.442725e+06 3902.4376441 3902.4376441}
2021/08/23 23:32:07 streemdata.go:15: action=StreamIngestionData, {BTC_JPY 2021-08-23T14:32:07.7598545Z 28426440 5.43934e+06 5.440815e+06 0.07 0.08 705.80492449 499.92965099 5.442725e+06 3902.4376441 3902.4376441}
2021/08/23 23:32:08 streemdata.go:15: action=StreamIngestionData, {BTC_JPY 2021-08-23T14:32:08.4686269Z 28426465 5.43934e+06 5.442726e+06 0.07 0.0120669 705.87492449 500.12703925 5.440815e+06 3902.4871471 3902.4871471}
2021/08/23 23:32:09 streemdata.go:15: action=StreamIngestionData, {BTC_JPY 2021-08-23T14:32:09.0030209Z 28426478 5.43934e+06 5.442726e+06 0.07 0.0120669 706.05344924 497.89903925 5.440815e+06 3902.4871471 3902.4871471}
2021/08/23 23:32:09 streemdata.go:15: action=StreamIngestionData, {BTC_JPY 2021-08-23T14:32:09.6505275Z 28426487 5.439341e+06 5.442726e+06 0.1136 0.0120669 705.75704924 500.13483761 5.440815e+06 3902.4871471 3902.4871471}
2021/08/23 23:32:10 streemdata.go:15: action=StreamIngestionData, {BTC_JPY 2021-08-23T14:32:10.2301606Z 28426504 5.439331e+06 5.442726e+06 0.15004257 0.0120669 705.43704924 498.75189059 5.439331e+06 3902.8871471 3902.8871471}
2021/08/23 23:32:10 streemdata.go:15: action=StreamIngestionData, {BTC_JPY 2021-08-23T14:32:10.7635551Z 28426520 5.441099e+06 5.442724e+06 0.07 0.02 705.50704924 501.07214965 5.439331e+06 3902.8871471 3902.8871471}
2021/08/23 23:32:11 streemdata.go:15: action=StreamIngestionData, {BTC_JPY 2021-08-23T14:32:11.2298143Z 28426535 5.439746e+06 5.442724e+06 0.202 0.04 705.10064924 498.94414965 5.439332e+06 3903.2581471 3903.2581471}
2021/08/23 23:32:11 streemdata.go:15: action=StreamIngestionData, {BTC_JPY 2021-08-23T14:32:11.9079569Z 28426557 5.439448e+06 5.442722e+06 0.07 0.02 704.85832254 501.82398554 5.439332e+06 3903.2581471 3903.2581471}
2021/08/23 23:32:12 streemdata.go:15: action=StreamIngestionData, {BTC_JPY 2021-08-23T14:32:12.4525312Z 28426568 5.440815e+06 5.442723e+06 0.01 0.77 704.98038709 497.86308061 5.439332e+06 3903.2581471 3903.2581471}
2021/08/23 23:32:12 streemdata.go:15: action=StreamIngestionData, {BTC_JPY 2021-08-23T14:32:12.995558Z 28426588 5.442723e+06 5.442727e+06 0.03007813 0.08 704.73246522 496.70308061 5.439332e+06 3903.2581471 3903.2581471}
2021/08/23 23:32:13 streemdata.go:15: action=StreamIngestionData, {BTC_JPY 2021-08-23T14:32:13.5061708Z 28426617 5.442014e+06 5.442855e+06 0.07 0.01 705.12478709 496.31124011 5.442377e+06 3903.4081471 3903.4081471}
2021/08/23 23:32:14 streemdata.go:15: action=StreamIngestionData, {BTC_JPY 2021-08-23T14:32:14.1960018Z 28426629 5.442014e+06 5.442855e+06 0.07 0.01 705.76098967 496.31478408 5.442377e+06 3903.4081471 3903.4081471}
2021/08/23 23:32:14 streemdata.go:15: action=StreamIngestionData, {BTC_JPY 2021-08-23T14:32:14.6375195Z 28426642 5.441122e+06 5.442855e+06 0.02 0.01 705.72398967 497.04192161 5.442377e+06 3903.4081471 3903.4081471}
2021/08/23 23:32:15 streemdata.go:15: action=StreamIngestionData, {BTC_JPY 2021-08-23T14:32:15.2135652Z 28426655 5.440815e+06 5.442854e+06 0.01 0.76 705.02798967 497.75832161 5.441122e+06 3903.4281471 3903.4281471}
2021/08/23 23:32:15 streemdata.go:15: action=StreamIngestionData, {BTC_JPY 2021-08-23T14:32:15.7898494Z 28426675 5.440258e+06 5.442108e+06 0.008504 0.01 704.77449367 501.32312161 5.440258e+06 3903.4496431 3903.4496431}
